[    93.669] (--) Log file renamed from "/home/bugazia/.local/share/xorg/Xorg.pid-2186.log" to "/home/bugazia/.local/share/xorg/Xorg.0.log"
[    93.670] 
X.Org X Server 1.20.9
X Protocol Version 11, Revision 0
[    93.670] Build Operating System: Linux 4.15.0-140-generic x86_64 Ubuntu
[    93.670] Current Operating System: Linux bugazia-virtual-machine 5.8.0-55-generic #62~20.04.1-Ubuntu SMP Wed Jun 2 08:55:04 UTC 2021 x86_64
[    93.670] Kernel command line: BOOT_IMAGE=/boot/vmlinuz-5.8.0-55-generic root=UUID=4316a81d-5066-4014-b1c3-00365487c723 ro quiet splash
[    93.670] Build Date: 08 April 2021  12:29:22PM
[    93.671] xorg-server 2:1.20.9-2ubuntu1.2~20.04.2 (For technical support please see http://www.ubuntu.com/support) 
[    93.671] Current version of pixman: 0.38.4
[    93.671] 	Before reporting problems, check http://wiki.x.org
	to make sure that you have the latest version.
[    93.671] Markers: (--) probed, (**) from config file, (==) default setting,
	(++) from command line, (!!) notice, (II) informational,
	(WW) warning, (EE) error, (NI) not implemented, (??) unknown.
[    93.671] (==) Log file: "/home/bugazia/.local/share/xorg/Xorg.0.log", Time: Sun Feb 13 15:18:58 2022
[    93.685] (==) Using system config directory "/usr/share/X11/xorg.conf.d"
[    93.701] (==) No Layout section.  Using the first Screen section.
[    93.701] (==) No screen section available. Using defaults.
[    93.701] (**) |-->Screen "Default Screen Section" (0)
[    93.702] (**) |   |-->Monitor "<default monitor>"
[    93.703] (==) No monitor specified for screen "Default Screen Section".
	Using a default monitor configuration.
[    93.703] (==) Automatically adding devices
[    93.703] (==) Automatically enabling devices
[    93.703] (==) Automatically adding GPU devices
[    93.703] (==) Automatically binding GPU devices
[    93.704] (==) Max clients allowed: 256, resource mask: 0x1fffff
[    93.704] (WW) The directory "/usr/share/fonts/X11/cyrillic" does not exist.
[    93.704] 	Entry deleted from font path.
[    93.704] (WW) The directory "/usr/share/fonts/X11/100dpi/" does not exist.
[    93.704] 	Entry deleted from font path.
[    93.704] (WW) The directory "/usr/share/fonts/X11/75dpi/" does not exist.
[    93.705] 	Entry deleted from font path.
[    93.705] (WW) The directory "/usr/share/fonts/X11/100dpi" does not exist.
[    93.705] 	Entry deleted from font path.
[    93.705] (WW) The directory "/usr/share/fonts/X11/75dpi" does not exist.
[    93.705] 	Entry deleted from font path.
[    93.706] (==) FontPath set to:
	/usr/share/fonts/X11/misc,
	/usr/share/fonts/X11/Type1,
	built-ins
[    93.706] (==) ModulePath set to "/usr/lib/xorg/modules"
[    93.707] (II) The server relies on udev to provide the list of input devices.
	If no devices become available, reconfigure udev or disable AutoAddDevices.
[    93.707] (II) Loader magic: 0x563fb50d9020
[    93.707] (II) Module ABI versions:
[    93.707] 	X.Org ANSI C Emulation: 0.4
[    93.707] 	X.Org Video Driver: 24.1
[    93.707] 	X.Org XInput driver : 24.1
[    93.707] 	X.Org Server Extension : 10.0
[    93.708] (++) using VT number 2

[    93.711] (II) systemd-logind: took control of session /org/freedesktop/login1/session/_32
[    93.713] (II) xfree86: Adding drm device (/dev/dri/card0)
[    93.714] (II) systemd-logind: got fd for /dev/dri/card0 226:0 fd 12 paused 0
[    93.721] (--) PCI:*(0@0:15:0) 15ad:0405:15ad:0405 rev 0, Mem @ 0xe8000000/134217728, 0xfe000000/8388608, I/O @ 0x00001070/16, BIOS @ 0x????????/131072
[    93.722] (II) LoadModule: "glx"
[    93.766] (II) Loading /usr/lib/xorg/modules/extensions/libglx.so
[    93.778] (II) Module glx: vendor="X.Org Foundation"
[    93.778] 	compiled for 1.20.9, module version = 1.0.0
[    93.779] 	ABI class: X.Org Server Extension, version 10.0
[    93.779] (==) Matched vmware as autoconfigured driver 0
[    93.779] (==) Matched modesetting as autoconfigured driver 1
[    93.780] (==) Matched fbdev as autoconfigured driver 2
[    93.780] (==) Matched vesa as autoconfigured driver 3
[    93.780] (==) Assigned the driver to the xf86ConfigLayout
[    93.781] (II) LoadModule: "vmware"
[    93.791] (II) Loading /usr/lib/xorg/modules/drivers/vmware_drv.so
[    93.937] (II) Module vmware: vendor="X.Org Foundation"
[    93.937] 	compiled for 1.20.8, module version = 13.3.0
[    93.938] 	Module class: X.Org Video Driver
[    93.938] 	ABI class: X.Org Video Driver, version 24.1
[    93.938] (II) LoadModule: "modesetting"
[    93.939] (II) Loading /usr/lib/xorg/modules/drivers/modesetting_drv.so
[    93.942] (II) Module modesetting: vendor="X.Org Foundation"
[    93.942] 	compiled for 1.20.9, module version = 1.20.9
[    93.943] 	Module class: X.Org Video Driver
[    93.943] 	ABI class: X.Org Video Driver, version 24.1
[    93.943] (II) LoadModule: "fbdev"
[    93.944] (II) Loading /usr/lib/xorg/modules/drivers/fbdev_drv.so
[    93.955] (II) Module fbdev: vendor="X.Org Foundation"
[    93.955] 	compiled for 1.20.1, module version = 0.5.0
[    93.955] 	Module class: X.Org Video Driver
[    93.955] 	ABI class: X.Org Video Driver, version 24.0
[    93.955] (II) LoadModule: "vesa"
[    93.955] (II) Loading /usr/lib/xorg/modules/drivers/vesa_drv.so
[    93.959] (II) Module vesa: vendor="X.Org Foundation"
[    93.959] 	compiled for 1.20.4, module version = 2.4.0
[    93.959] 	Module class: X.Org Video Driver
[    93.959] 	ABI class: X.Org Video Driver, version 24.0
[    93.959] (II) vmware: driver for VMware SVGA: vmware0405, vmware0710
[    93.959] (II) modesetting: Driver for Modesetting Kernel Drivers: kms
[    93.959] (II) FBDEV: driver for framebuffer: fbdev
[    93.959] (II) VESA: driver for VESA chipsets: vesa
[    93.959] xf86EnableIOPorts: failed to set IOPL for I/O (Operation not permitted)
[    93.959] (WW) Falling back to old probe method for modesetting
[    93.960] (WW) Falling back to old probe method for fbdev
[    93.960] (II) Loading sub module "fbdevhw"
[    93.960] (II) LoadModule: "fbdevhw"
[    93.960] (II) Loading /usr/lib/xorg/modules/libfbdevhw.so
[    93.968] (II) Module fbdevhw: vendor="X.Org Foundation"
[    93.969] 	compiled for 1.20.9, module version = 0.0.2
[    93.969] 	ABI class: X.Org Video Driver, version 24.1
[    93.969] (EE) open /dev/fb0: Permission denied
[    93.969] (WW) VGA arbiter: cannot open kernel arbiter, no multi-card support
[    93.969] (II) vmware(0): Creating default Display subsection in Screen section
	"Default Screen Section" for depth/fbbpp 24/32
[    93.969] (--) vmware(0): DRM driver version is 2.18.0
[    93.969] (==) vmware(0): Depth 24, (--) framebuffer bpp 32
[    93.969] (==) vmware(0): RGB weight 888
[    93.969] (==) vmware(0): Default visual is TrueColor
[    93.969] (--) vmware(0): Min width 1, Max Width 4096.
[    93.969] (--) vmware(0): Min height 1, Max Height 4096.
[    93.969] (II) vmware(0): Output Virtual1 has no monitor section
[    93.969] (II) vmware(0): Output Virtual2 has no monitor section
[    93.970] (II) vmware(0): Output Virtual3 has no monitor section
[    93.970] (II) vmware(0): Output Virtual4 has no monitor section
[    93.970] (II) vmware(0): Output Virtual5 has no monitor section
[    93.970] (II) vmware(0): Output Virtual6 has no monitor section
[    93.970] (II) vmware(0): Output Virtual7 has no monitor section
[    93.970] (II) vmware(0): Output Virtual8 has no monitor section
[    93.970] (II) vmware(0): Printing probed modes for output Virtual1
[    93.970] (II) vmware(0): Modeline "800x600"x60.0   42.75  800 850 900 950  600 650 700 750 -hsync +vsync (45.0 kHz eP)
[    93.970] (II) vmware(0): Modeline "1360x768"x60.0   85.50  1360 1424 1536 1792  768 771 777 795 +hsync +vsync (47.7 kHz e)
[    93.970] (II) vmware(0): Modeline "1280x800"x59.8   83.50  1280 1352 1480 1680  800 803 809 831 +hsync -vsync (49.7 kHz e)
[    93.970] (II) vmware(0): Modeline "1152x864"x75.0  108.00  1152 1216 1344 1600  864 865 868 900 +hsync +vsync (67.5 kHz e)
[    93.970] (II) vmware(0): Modeline "1280x768"x59.9   79.50  1280 1344 1472 1664  768 771 778 798 -hsync +vsync (47.8 kHz e)
[    93.970] (II) vmware(0): Modeline "1024x768"x60.0   65.00  1024 1048 1184 1344  768 771 777 806 -hsync -vsync (48.4 kHz e)
[    93.970] (II) vmware(0): Modeline "800x600"x60.3   40.00  800 840 968 1056  600 601 605 628 +hsync +vsync (37.9 kHz e)
[    93.970] (II) vmware(0): Modeline "640x480"x59.9   25.18  640 656 752 800  480 489 492 525 -hsync -vsync (31.5 kHz e)
[    93.970] (II) vmware(0): EDID for output Virtual2
[    93.971] (II) vmware(0): EDID for output Virtual3
[    93.971] (II) vmware(0): EDID for output Virtual4
[    93.971] (II) vmware(0): EDID for output Virtual5
[    93.971] (II) vmware(0): EDID for output Virtual6
[    93.971] (II) vmware(0): EDID for output Virtual7
[    93.971] (II) vmware(0): EDID for output Virtual8
[    93.971] (II) vmware(0): Output Virtual1 connected
[    93.971] (II) vmware(0): Output Virtual2 disconnected
[    93.971] (II) vmware(0): Output Virtual3 disconnected
[    93.971] (II) vmware(0): Output Virtual4 disconnected
[    93.971] (II) vmware(0): Output Virtual5 disconnected
[    93.971] (II) vmware(0): Output Virtual6 disconnected
[    93.971] (II) vmware(0): Output Virtual7 disconnected
[    93.971] (II) vmware(0): Output Virtual8 disconnected
[    93.971] (II) vmware(0): Using exact sizes for initial modes
[    93.971] (II) vmware(0): Output Virtual1 using initial mode 800x600 +0+0
[    93.971] (==) vmware(0): DPI set to (96, 96)
[    93.971] (==) vmware(0): Using gamma correction (1.0, 1.0, 1.0)
[    93.971] (II) Loading sub module "fb"
[    93.971] (II) LoadModule: "fb"
[    93.971] (II) Loading /usr/lib/xorg/modules/libfb.so
[    93.991] (II) Module fb: vendor="X.Org Foundation"
[    93.991] 	compiled for 1.20.9, module version = 1.0.0
[    93.991] 	ABI class: X.Org ANSI C Emulation, version 0.4
[    93.992] (II) Loading sub module "dri2"
[    93.992] (II) LoadModule: "dri2"
[    93.992] (II) Module "dri2" already built-in
[    93.992] (II) Loading sub module "dri3"
[    93.992] (II) LoadModule: "dri3"
[    93.992] (II) Module "dri3" already built-in
[    93.992] (II) UnloadModule: "modesetting"
[    93.992] (II) Unloading modesetting
[    93.992] (II) UnloadModule: "fbdev"
[    93.992] (II) Unloading fbdev
[    93.992] (II) UnloadSubModule: "fbdevhw"
[    93.992] (II) Unloading fbdevhw
[    93.992] (II) UnloadModule: "vesa"
[    93.992] (II) Unloading vesa
[    94.019] (II) vmware(0): Initialized VMWARE_CTRL extension version 0.2
[    94.045] (WW) vmware(0): Failed to initialize Gallium3D Xa. No render acceleration available.
[    94.045] (WW) vmware(0): Skipped initialization of direct rendering due to lack of render acceleration.
[    94.045] (--) vmware(0): Render acceleration is disabled.
[    94.045] (==) vmware(0): Rendercheck mode is disabled.
[    94.045] (--) vmware(0): Direct rendering (DRI2 3D) is disabled.
[    94.045] (--) vmware(0): Direct rendering (DRI3 3D) is disabled.
[    94.045] (==) vmware(0): Backing store enabled
[    94.045] (==) vmware(0): Silken mouse enabled
[    94.049] (==) vmware(0): DPMS enabled
[    94.049] (II) vmware(0): No 3D acceleration. Not setting up textured video.
[    94.049] (II) Initializing extension Generic Event Extension
[    94.049] (II) Initializing extension SHAPE
[    94.049] (II) Initializing extension MIT-SHM
[    94.050] (II) Initializing extension XInputExtension
[    94.051] (II) Initializing extension XTEST
[    94.051] (II) Initializing extension BIG-REQUESTS
[    94.051] (II) Initializing extension SYNC
[    94.052] (II) Initializing extension XKEYBOARD
[    94.052] (II) Initializing extension XC-MISC
[    94.052] (II) Initializing extension SECURITY
[    94.052] (II) Initializing extension XFIXES
[    94.053] (II) Initializing extension RENDER
[    94.053] (II) Initializing extension RANDR
[    94.053] (II) Initializing extension COMPOSITE
[    94.054] (II) Initializing extension DAMAGE
[    94.054] (II) Initializing extension MIT-SCREEN-SAVER
[    94.055] (II) Initializing extension DOUBLE-BUFFER
[    94.055] (II) Initializing extension RECORD
[    94.055] (II) Initializing extension DPMS
[    94.056] (II) Initializing extension Present
[    94.056] (II) Initializing extension DRI3
[    94.056] (II) Initializing extension X-Resource
[    94.057] (II) Initializing extension XVideo
[    94.057] (II) Initializing extension XVideo-MotionCompensation
[    94.057] (II) Initializing extension SELinux
[    94.057] (II) SELinux: Disabled on system
[    94.057] (II) Initializing extension GLX
[    94.059] (II) AIGLX: Screen 0 is not DRI2 capable
[    94.071] (II) IGLX: Loaded and initialized swrast
[    94.071] (II) GLX: Initialized DRISWRAST GL provider for screen 0
[    94.071] (II) Initializing extension XFree86-VidModeExtension
[    94.071] (II) Initializing extension XFree86-DGA
[    94.072] (II) Initializing extension XFree86-DRI
[    94.072] (II) Initializing extension DRI2
[    94.075] (II) vmware(0): Setting screen physical size to 211 x 158
[    94.125] (II) config/udev: Adding input device Power Button (/dev/input/event0)
[    94.125] (**) Power Button: Applying InputClass "libinput keyboard catchall"
[    94.125] (II) LoadModule: "libinput"
[    94.126] (II) Loading /usr/lib/xorg/modules/input/libinput_drv.so
[    94.182] (II) Module libinput: vendor="X.Org Foundation"
[    94.182] 	compiled for 1.20.4, module version = 0.29.0
[    94.182] 	Module class: X.Org XInput Driver
[    94.182] 	ABI class: X.Org XInput driver, version 24.1
[    94.182] (II) Using input driver 'libinput' for 'Power Button'
[    94.184] (II) systemd-logind: got fd for /dev/input/event0 13:64 fd 20 paused 0
[    94.184] (**) Power Button: always reports core events
[    94.184] (**) Option "Device" "/dev/input/event0"
[    94.184] (**) Option "_source" "server/udev"
[    94.186] (II) event0  - Power Button: is tagged by udev as: Keyboard
[    94.186] (II) event0  - Power Button: device is a keyboard
[    94.187] (II) event0  - Power Button: device removed
[    94.187] (**) Option "config_info" "udev:/sys/devices/LNXSYSTM:00/LNXPWRBN:00/input/input0/event0"
[    94.187] (II) XINPUT: Adding extended input device "Power Button" (type: KEYBOARD, id 6)
[    94.187] (**) Option "xkb_model" "pc105"
[    94.187] (**) Option "xkb_layout" "us"
[    94.188] (II) event0  - Power Button: is tagged by udev as: Keyboard
[    94.188] (II) event0  - Power Button: device is a keyboard
[    94.189] (II) config/udev: Adding input device AT Translated Set 2 keyboard (/dev/input/event1)
[    94.190] (**) AT Translated Set 2 keyboard: Applying InputClass "libinput keyboard catchall"
[    94.190] (II) Using input driver 'libinput' for 'AT Translated Set 2 keyboard'
[    94.191] (II) systemd-logind: got fd for /dev/input/event1 13:65 fd 23 paused 0
[    94.191] (**) AT Translated Set 2 keyboard: always reports core events
[    94.191] (**) Option "Device" "/dev/input/event1"
[    94.191] (**) Option "_source" "server/udev"
[    94.192] (II) event1  - AT Translated Set 2 keyboard: is tagged by udev as: Keyboard
[    94.192] (II) event1  - AT Translated Set 2 keyboard: device is a keyboard
[    94.193] (II) event1  - AT Translated Set 2 keyboard: device removed
[    94.193] (**) Option "config_info" "udev:/sys/devices/platform/i8042/serio0/input/input1/event1"
[    94.193] (II) XINPUT: Adding extended input device "AT Translated Set 2 keyboard" (type: KEYBOARD, id 7)
[    94.193] (**) Option "xkb_model" "pc105"
[    94.193] (**) Option "xkb_layout" "us"
[    94.194] (II) event1  - AT Translated Set 2 keyboard: is tagged by udev as: Keyboard
[    94.194] (II) event1  - AT Translated Set 2 keyboard: device is a keyboard
[    94.195] (II) config/udev: Adding input device VirtualPS/2 VMware VMMouse (/dev/input/event3)
[    94.195] (**) VirtualPS/2 VMware VMMouse: Applying InputClass "libinput pointer catchall"
[    94.195] (II) Using input driver 'libinput' for 'VirtualPS/2 VMware VMMouse'
[    94.197] (II) systemd-logind: got fd for /dev/input/event3 13:67 fd 24 paused 0
[    94.197] (**) VirtualPS/2 VMware VMMouse: always reports core events
[    94.197] (**) Option "Device" "/dev/input/event3"
[    94.197] (**) Option "_source" "server/udev"
[    94.198] (II) event3  - VirtualPS/2 VMware VMMouse: is tagged by udev as: Mouse
[    94.199] (II) event3  - VirtualPS/2 VMware VMMouse: device is a pointer
[    94.199] (II) event3  - VirtualPS/2 VMware VMMouse: device removed
[    94.199] (**) Option "config_info" "udev:/sys/devices/platform/i8042/serio1/input/input3/event3"
[    94.199] (II) XINPUT: Adding extended input device "VirtualPS/2 VMware VMMouse" (type: MOUSE, id 8)
[    94.199] (**) Option "AccelerationScheme" "none"
[    94.199] (**) VirtualPS/2 VMware VMMouse: (accel) selected scheme none/0
[    94.199] (**) VirtualPS/2 VMware VMMouse: (accel) acceleration factor: 2.000
[    94.199] (**) VirtualPS/2 VMware VMMouse: (accel) acceleration threshold: 4
[    94.200] (II) event3  - VirtualPS/2 VMware VMMouse: is tagged by udev as: Mouse
[    94.201] (II) event3  - VirtualPS/2 VMware VMMouse: device is a pointer
[    94.201] (II) config/udev: Adding input device VirtualPS/2 VMware VMMouse (/dev/input/mouse1)
[    94.202] (II) No input driver specified, ignoring this device.
[    94.202] (II) This device may have been added with another device file.
[    94.203] (II) config/udev: Adding input device VirtualPS/2 VMware VMMouse (/dev/input/event2)
[    94.203] (**) VirtualPS/2 VMware VMMouse: Applying InputClass "libinput pointer catchall"
[    94.203] (II) Using input driver 'libinput' for 'VirtualPS/2 VMware VMMouse'
[    94.204] (II) systemd-logind: got fd for /dev/input/event2 13:66 fd 25 paused 0
[    94.204] (**) VirtualPS/2 VMware VMMouse: always reports core events
[    94.204] (**) Option "Device" "/dev/input/event2"
[    94.204] (**) Option "_source" "server/udev"
[    94.205] (II) event2  - VirtualPS/2 VMware VMMouse: is tagged by udev as: Mouse
[    94.206] (II) event2  - VirtualPS/2 VMware VMMouse: device is a pointer
[    94.206] (II) event2  - VirtualPS/2 VMware VMMouse: device removed
[    94.207] (**) Option "config_info" "udev:/sys/devices/platform/i8042/serio1/input/input4/event2"
[    94.207] (II) XINPUT: Adding extended input device "VirtualPS/2 VMware VMMouse" (type: MOUSE, id 9)
[    94.207] (**) Option "AccelerationScheme" "none"
[    94.207] (**) VirtualPS/2 VMware VMMouse: (accel) selected scheme none/0
[    94.207] (**) VirtualPS/2 VMware VMMouse: (accel) acceleration factor: 2.000
[    94.207] (**) VirtualPS/2 VMware VMMouse: (accel) acceleration threshold: 4
[    94.208] (II) event2  - VirtualPS/2 VMware VMMouse: is tagged by udev as: Mouse
[    94.209] (II) event2  - VirtualPS/2 VMware VMMouse: device is a pointer
[    94.209] (II) config/udev: Adding input device VirtualPS/2 VMware VMMouse (/dev/input/mouse0)
[    94.209] (II) No input driver specified, ignoring this device.
[    94.209] (II) This device may have been added with another device file.
[2536961.967] (!!) vmware(0): New layout.
[2536962.887] (!!) vmware(0): 0: 0 0 800 600
[2536962.887] (!!) vmware(0): 
